Release 14.7 - xst P.20131013 (nt64)
Copyright (c) 1995-2013 Xilinx, Inc.  All rights reserved.
--> Parameter TMPDIR set to xst/projnav.tmp


Total REAL time to Xst completion: 0.00 secs
Total CPU time to Xst completion: 0.19 secs
 
--> Parameter xsthdpdir set to xst


Total REAL time to Xst completion: 0.00 secs
Total CPU time to Xst completion: 0.19 secs
 
--> Reading design: HanCarlson64b.prj

TABLE OF CONTENTS
  1) Synthesis Options Summary
  2) HDL Compilation
  3) Design Hierarchy Analysis
  4) HDL Analysis
  5) HDL Synthesis
     5.1) HDL Synthesis Report
  6) Advanced HDL Synthesis
     6.1) Advanced HDL Synthesis Report
  7) Low Level Synthesis
  8) Partition Report
  9) Final Report
	9.1) Device utilization summary
	9.2) Partition Resource Summary
	9.3) TIMING REPORT


=========================================================================
*                      Synthesis Options Summary                        *
=========================================================================
---- Source Parameters
Input File Name                    : "HanCarlson64b.prj"
Input Format                       : mixed
Ignore Synthesis Constraint File   : NO

---- Target Parameters
Output File Name                   : "HanCarlson64b"
Output Format                      : NGC
Target Device                      : xc3s50-5-pq208

---- Source Options
Top Module Name                    : HanCarlson64b
Automatic FSM Extraction           : YES
FSM Encoding Algorithm             : Auto
Safe Implementation                : No
FSM Style                          : LUT
RAM Extraction                     : Yes
RAM Style                          : Auto
ROM Extraction                     : Yes
Mux Style                          : Auto
Decoder Extraction                 : YES
Priority Encoder Extraction        : Yes
Shift Register Extraction          : YES
Logical Shifter Extraction         : YES
XOR Collapsing                     : YES
ROM Style                          : Auto
Mux Extraction                     : Yes
Resource Sharing                   : YES
Asynchronous To Synchronous        : NO
Multiplier Style                   : Auto
Automatic Register Balancing       : No

---- Target Options
Add IO Buffers                     : YES
Global Maximum Fanout              : 100000
Add Generic Clock Buffer(BUFG)     : 8
Register Duplication               : YES
Slice Packing                      : YES
Optimize Instantiated Primitives   : NO
Use Clock Enable                   : Yes
Use Synchronous Set                : Yes
Use Synchronous Reset              : Yes
Pack IO Registers into IOBs        : Auto
Equivalent register Removal        : YES

---- General Options
Optimization Goal                  : Speed
Optimization Effort                : 1
Keep Hierarchy                     : No
Netlist Hierarchy                  : As_Optimized
RTL Output                         : Yes
Global Optimization                : AllClockNets
Read Cores                         : YES
Write Timing Constraints           : NO
Cross Clock Analysis               : NO
Hierarchy Separator                : /
Bus Delimiter                      : <>
Case Specifier                     : Maintain
Slice Utilization Ratio            : 100
BRAM Utilization Ratio             : 100
Verilog 2001                       : YES
Auto BRAM Packing                  : NO
Slice Utilization Ratio Delta      : 5

=========================================================================


=========================================================================
*                          HDL Compilation                              *
=========================================================================
Compiling verilog file "../GrayCell.v" in library work
Compiling verilog file "../GPCell.v" in library work
Module <GrayCell> compiled
Compiling verilog file "../BlackCell.v" in library work
Module <GPCell> compiled
Compiling verilog file "../HanCarlson64b.v" in library work
Module <BlackCell> compiled
Module <HanCarlson64b> compiled
No errors in compilation
Analysis of file <"HanCarlson64b.prj"> succeeded.
 

=========================================================================
*                     Design Hierarchy Analysis                         *
=========================================================================
Analyzing hierarchy for module <HanCarlson64b> in library <work>.

Analyzing hierarchy for module <BlackCell> in library <work>.

Analyzing hierarchy for module <GPCell> in library <work>.

Analyzing hierarchy for module <GrayCell> in library <work>.


=========================================================================
*                            HDL Analysis                               *
=========================================================================
Analyzing top module <HanCarlson64b>.
Module <HanCarlson64b> is correct for synthesis.
 
Analyzing module <BlackCell> in library <work>.
Module <BlackCell> is correct for synthesis.
 
Analyzing module <GPCell> in library <work>.
Module <GPCell> is correct for synthesis.
 
Analyzing module <GrayCell> in library <work>.
Module <GrayCell> is correct for synthesis.
 

=========================================================================
*                           HDL Synthesis                               *
=========================================================================

Performing bidirectional port resolution...

Synthesizing Unit <BlackCell>.
    Related source file is "../BlackCell.v".
Unit <BlackCell> synthesized.


Synthesizing Unit <GPCell>.
    Related source file is "../GPCell.v".
    Found 1-bit xor2 for signal <P>.
Unit <GPCell> synthesized.


Synthesizing Unit <GrayCell>.
    Related source file is "../GrayCell.v".
Unit <GrayCell> synthesized.


Synthesizing Unit <HanCarlson64b>.
    Related source file is "../HanCarlson64b.v".
    Found 63-bit xor2 for signal <S<63:1>>.
Unit <HanCarlson64b> synthesized.


=========================================================================
HDL Synthesis Report

Macro Statistics
# Xors                                                 : 127
 1-bit xor2                                            : 127

=========================================================================

=========================================================================
*                       Advanced HDL Synthesis                          *
=========================================================================


=========================================================================
Advanced HDL Synthesis Report

Macro Statistics
# Xors                                                 : 127
 1-bit xor2                                            : 127

=========================================================================

=========================================================================
*                         Low Level Synthesis                           *
=========================================================================

Optimizing unit <HanCarlson64b> ...

Mapping all equations...
Building and optimizing final netlist ...
Found area constraint ratio of 100 (+ 5) on block HanCarlson64b, actual ratio is 23.

Final Macro Processing ...

=========================================================================
Final Register Report

Found no macro
=========================================================================

=========================================================================
*                           Partition Report                            *
=========================================================================

Partition Implementation Status
-------------------------------

  No Partitions were found in this design.

-------------------------------

=========================================================================
*                            Final Report                               *
=========================================================================
Final Results
RTL Top Level Output File Name     : HanCarlson64b.ngr
Top Level Output File Name         : HanCarlson64b
Output Format                      : NGC
Optimization Goal                  : Speed
Keep Hierarchy                     : No

Design Statistics
# IOs                              : 193

Cell Usage :
# BELS                             : 332
#      LUT2                        : 22
#      LUT3                        : 63
#      LUT4                        : 220
#      MUXF5                       : 27
# IO Buffers                       : 193
#      IBUF                        : 128
#      OBUF                        : 65
=========================================================================

Device utilization summary:
---------------------------

Selected Device : 3s50pq208-5 

 Number of Slices:                      171  out of    768    22%  
 Number of 4 input LUTs:                305  out of   1536    19%  
 Number of IOs:                         193
 Number of bonded IOBs:                 193  out of    124   155% (*) 

WARNING:Xst:1336 -  (*) More than 100% of Device resources are used

---------------------------
Partition Resource Summary:
---------------------------

  No Partitions were found in this design.

---------------------------


=========================================================================
TIMING REPORT

NOTE: THESE TIMING NUMBERS ARE ONLY A SYNTHESIS ESTIMATE.
      FOR ACCURATE TIMING INFORMATION PLEASE REFER TO THE TRACE REPORT
      GENERATED AFTER PLACE-and-ROUTE.

Clock Information:
------------------
No clock signals found in this design

Asynchronous Control Signals Information:
----------------------------------------
No asynchronous control signals found in this design

Timing Summary:
---------------
Speed Grade: -5

   Minimum period: No path found
   Minimum input arrival time before clock: No path found
   Maximum output required time after clock: No path found
   Maximum combinational path delay: 23.386ns

Timing Detail:
--------------
All values displayed in nanoseconds (ns)

=========================================================================
Timing constraint: Default path analysis
  Total number of paths / destination ports: 11574 / 65
-------------------------------------------------------------------------
Delay:               23.386ns (Levels of Logic = 15)
  Source:            A<6> (PAD)
  Destination:       S<63> (PAD)

  Data Path: A<6> to S<63>
                                Gate     Net
    Cell:in->out      fanout   Delay   Delay  Logical Name (Net Name)
    ----------------------------------------  ------------
     IBUF:I->O             6   0.715   1.148  A_6_IBUF (A_6_IBUF)
     LUT2:I0->O            1   0.479   0.704  UGP6/G1 (g_0_6_6)
     LUT4:I3->O            1   0.479   0.704  U98/GIJ44_SW0 (N212)
     LUT4:I3->O            4   0.479   1.074  U98/GIJ44 (g_2_6_9)
     LUT3:I0->O            2   0.479   0.768  U130/GIJ1 (g_3_6_13)
     LUT4:I3->O            3   0.479   0.794  U158/GIJ1 (g_4_0_13)
     LUT4:I3->O            1   0.479   0.740  U190/GIJ_SW0 (N177)
     LUT4:I2->O            3   0.479   0.830  U190/GIJ (g_5_0_29)
     LUT4:I2->O            1   0.479   0.740  U222/GIJ15 (U222/GIJ15)
     LUT4:I2->O            3   0.479   1.066  U222/GIJ117 (N53)
     LUT4:I0->O            1   0.479   0.740  U222/GIJ32_SW0 (N210)
     LUT4:I2->O            1   0.479   0.740  U222/GIJ32_SW1 (N232)
     LUT4:I2->O            2   0.479   0.745  U222/GIJ32 (g_6_0_61)
     MUXF5:S->O            1   0.540   0.681  Mxor_S<63>_Result1_f5 (S_63_OBUF)
     OBUF:I->O                 4.909          S_63_OBUF (S<63>)
    ----------------------------------------
    Total                     23.386ns (11.912ns logic, 11.474ns route)
                                       (50.9% logic, 49.1% route)

=========================================================================


Total REAL time to Xst completion: 7.00 secs
Total CPU time to Xst completion: 7.16 secs
 
--> 

Total memory usage is 4513684 kilobytes

Number of errors   :    0 (   0 filtered)
Number of warnings :    1 (   0 filtered)
Number of infos    :    0 (   0 filtered)

